This file contains any messages produced by compilers while
running configure, to aid debugging if configure makes a mistake.

It was created by libenet configure 1.3.3, which was
generated by GNU Autoconf 2.67.  Invocation command line was

  $ ./configure --enable-shared=no --enable-static=yes --no-create --no-recursion

## --------- ##
## Platform. ##
## --------- ##

hostname = truth
uname -m = i686
uname -r = 2.6.35-32-generic
uname -s = Linux
uname -v = #64-Ubuntu SMP Mon Jan 2 23:31:33 UTC 2012

/usr/bin/uname -p = unknown
/bin/uname -X     = unknown

/bin/arch              = unknown
/usr/bin/arch -k       = unknown
/usr/convex/getsysinfo = unknown
/usr/bin/hostinfo      = unknown
/bin/machine           = unknown
/usr/bin/oslevel       = unknown
/bin/universe          = unknown

PATH: /home/alon/Dev/mozilla-central/js/src/fast
PATH: /home/alon/Dev/llvm-emscripten/cbuild/bin
PATH: /home/alon/Dev/node-v0.6.6
PATH: /home/alon/bin
PATH: /usr/local/sbin
PATH: /usr/local/bin
PATH: /usr/sbin
PATH: /usr/bin
PATH: /sbin
PATH: /bin
PATH: /usr/games


## ----------- ##
## Core tests. ##
## ----------- ##

configure:2238: checking for a BSD-compatible install
configure:2306: result: /usr/bin/install -c
configure:2317: checking whether build environment is sane
configure:2367: result: yes
configure:2508: checking for a thread-safe mkdir -p
configure:2547: result: /bin/mkdir -p
configure:2560: checking for gawk
configure:2590: result: no
configure:2560: checking for mawk
configure:2576: found /usr/bin/mawk
configure:2587: result: mawk
configure:2598: checking whether make sets $(MAKE)
configure:2620: result: yes
configure:2701: checking whether to disable maintainer-specific portions of Makefiles
configure:2710: result: yes
configure:2774: checking for gcc
configure:2790: found /usr/bin/gcc
configure:2801: result: gcc
configure:3030: checking for C compiler version
configure:3039: gcc --version >&5
gcc (Ubuntu/Linaro 4.4.4-14ubuntu5) 4.4.5
Copyright (C) 2010 Free Software Foundation, Inc.
This is free software; see the source for copying conditions.  There is NO
warranty; not even for MERCHANTABILITY or FITNESS FOR A PARTICULAR PURPOSE.

configure:3050: $? = 0
configure:3039: gcc -v >&5
Using built-in specs.
Target: i686-linux-gnu
Configured with: ../src/configure -v --with-pkgversion='Ubuntu/Linaro 4.4.4-14ubuntu5' --with-bugurl=file:///usr/share/doc/gcc-4.4/README.Bugs --enable-languages=c,c++,fortran,objc,obj-c++ --prefix=/usr --program-suffix=-4.4 --enable-shared --enable-multiarch --enable-linker-build-id --with-system-zlib --libexecdir=/usr/lib --without-included-gettext --enable-threads=posix --with-gxx-include-dir=/usr/include/c++/4.4 --libdir=/usr/lib --enable-nls --with-sysroot=/ --enable-clocale=gnu --enable-libstdcxx-debug --enable-objc-gc --enable-targets=all --disable-werror --with-arch-32=i686 --with-tune=generic --enable-checking=release --build=i686-linux-gnu --host=i686-linux-gnu --target=i686-linux-gnu
Thread model: posix
gcc version 4.4.5 (Ubuntu/Linaro 4.4.4-14ubuntu5) 
configure:3050: $? = 0
configure:3039: gcc -V >&5
gcc: '-V' option must have argument
configure:3050: $? = 1
configure:3039: gcc -qversion >&5
gcc: unrecognized option '-qversion'
gcc: no input files
configure:3050: $? = 1
configure:3070: checking whether the C compiler works
configure:3092: gcc    conftest.c  >&5
configure:3096: $? = 0
configure:3144: result: yes
configure:3147: checking for C compiler default output file name
configure:3149: result: a.out
configure:3155: checking for suffix of executables
configure:3162: gcc -o conftest    conftest.c  >&5
configure:3166: $? = 0
configure:3188: result: 
configure:3210: checking whether we are cross compiling
configure:3218: gcc -o conftest    conftest.c  >&5
configure:3222: $? = 0
configure:3229: ./conftest
configure:3233: $? = 0
configure:3248: result: no
configure:3253: checking for suffix of object files
configure:3275: gcc -c   conftest.c >&5
configure:3279: $? = 0
configure:3300: result: o
configure:3304: checking whether we are using the GNU C compiler
configure:3323: gcc -c   conftest.c >&5
configure:3323: $? = 0
configure:3332: result: yes
configure:3341: checking whether gcc accepts -g
configure:3361: gcc -c -g  conftest.c >&5
configure:3361: $? = 0
configure:3402: result: yes
configure:3419: checking for gcc option to accept ISO C89
configure:3483: gcc  -c -g -O2  conftest.c >&5
configure:3483: $? = 0
configure:3496: result: none needed
configure:3527: checking for style of include used by make
configure:3555: result: GNU
configure:3580: checking dependency style of gcc
configure:3690: result: gcc3
configure:3734: checking build system type
configure:3748: result: i686-pc-linux-gnu
configure:3768: checking host system type
configure:3781: result: i686-pc-linux-gnu
configure:3822: checking how to print strings
configure:3849: result: printf
configure:3870: checking for a sed that does not truncate output
configure:3934: result: /bin/sed
configure:3952: checking for grep that handles long lines and -e
configure:4010: result: /bin/grep
configure:4015: checking for egrep
configure:4077: result: /bin/grep -E
configure:4082: checking for fgrep
configure:4144: result: /bin/grep -F
configure:4179: checking for ld used by gcc
configure:4246: result: /usr/bin/ld
configure:4253: checking if the linker (/usr/bin/ld) is GNU ld
configure:4268: result: yes
configure:4280: checking for BSD- or MS-compatible name lister (nm)
configure:4329: result: /usr/bin/nm -B
configure:4459: checking the name lister (/usr/bin/nm -B) interface
configure:4466: gcc -c -g -O2  conftest.c >&5
configure:4469: /usr/bin/nm -B "conftest.o"
configure:4472: output
00000000 B some_variable
configure:4479: result: BSD nm
configure:4482: checking whether ln -s works
configure:4486: result: yes
configure:4494: checking the maximum length of command line arguments
configure:4624: result: 805306365
configure:4641: checking whether the shell understands some XSI constructs
configure:4651: result: yes
configure:4655: checking whether the shell understands "+="
configure:4661: result: yes
configure:4696: checking how to convert i686-pc-linux-gnu file names to i686-pc-linux-gnu format
configure:4736: result: func_convert_file_noop
configure:4743: checking how to convert i686-pc-linux-gnu file names to toolchain format
configure:4763: result: func_convert_file_noop
configure:4770: checking for /usr/bin/ld option to reload object files
configure:4777: result: -r
configure:4851: checking for objdump
configure:4867: found /usr/bin/objdump
configure:4878: result: objdump
configure:4910: checking how to recognize dependent libraries
configure:5112: result: pass_all
configure:5197: checking for dlltool
configure:5227: result: no
configure:5257: checking how to associate runtime and link libraries
configure:5284: result: printf %s\n
configure:5345: checking for ar
configure:5361: found /usr/bin/ar
configure:5372: result: ar
configure:5409: checking for archiver @FILE support
configure:5426: gcc -c -g -O2  conftest.c >&5
configure:5426: $? = 0
configure:5429: ar cru libconftest.a @conftest.lst >&5
configure:5432: $? = 0
configure:5437: ar cru libconftest.a @conftest.lst >&5
ar: conftest.o: No such file or directory
configure:5440: $? = 1
configure:5452: result: @
configure:5510: checking for strip
configure:5526: found /usr/bin/strip
configure:5537: result: strip
configure:5609: checking for ranlib
configure:5625: found /usr/bin/ranlib
configure:5636: result: ranlib
configure:5738: checking command to parse /usr/bin/nm -B output from gcc object
configure:5858: gcc -c -g -O2  conftest.c >&5
configure:5861: $? = 0
configure:5865: /usr/bin/nm -B conftest.o \| sed -n -e 's/^.*[ ]\([ABCDGIRSTW][ABCDGIRSTW]*\)[ ][ ]*\([_A-Za-z][_A-Za-z0-9]*\)$/\1 \2 \2/p' | sed '/ __gnu_lto/d' \> conftest.nm
configure:5868: $? = 0
configure:5934: gcc -o conftest -g -O2   conftest.c conftstm.o >&5
configure:5937: $? = 0
configure:5975: result: ok
configure:6012: checking for sysroot
configure:6042: result: no
configure:6298: checking for mt
configure:6314: found /bin/mt
configure:6325: result: mt
configure:6348: checking if mt is a manifest tool
configure:6354: mt '-?'
configure:6362: result: no
configure:7004: checking how to run the C preprocessor
configure:7035: gcc -E  conftest.c
configure:7035: $? = 0
configure:7049: gcc -E  conftest.c
conftest.c:11: fatal error: ac_nonexistent.h: No such file or directory
compilation terminated.
configure:7049: $? = 1
configure: failed program was:
| /* confdefs.h */
| #define PACKAGE_NAME "libenet"
| #define PACKAGE_TARNAME "libenet"
| #define PACKAGE_VERSION "1.3.3"
| #define PACKAGE_STRING "libenet 1.3.3"
| #define PACKAGE_BUGREPORT ""
| #define PACKAGE_URL ""
| #define PACKAGE "libenet"
| #define VERSION "1.3.3"
| /* end confdefs.h.  */
| #include <ac_nonexistent.h>
configure:7074: result: gcc -E
configure:7094: gcc -E  conftest.c
configure:7094: $? = 0
configure:7108: gcc -E  conftest.c
conftest.c:11: fatal error: ac_nonexistent.h: No such file or directory
compilation terminated.
configure:7108: $? = 1
configure: failed program was:
| /* confdefs.h */
| #define PACKAGE_NAME "libenet"
| #define PACKAGE_TARNAME "libenet"
| #define PACKAGE_VERSION "1.3.3"
| #define PACKAGE_STRING "libenet 1.3.3"
| #define PACKAGE_BUGREPORT ""
| #define PACKAGE_URL ""
| #define PACKAGE "libenet"
| #define VERSION "1.3.3"
| /* end confdefs.h.  */
| #include <ac_nonexistent.h>
configure:7137: checking for ANSI C header files
configure:7157: gcc -c -g -O2  conftest.c >&5
configure:7157: $? = 0
configure:7230: gcc -o conftest -g -O2   conftest.c  >&5
configure:7230: $? = 0
configure:7230: ./conftest
configure:7230: $? = 0
configure:7241: result: yes
configure:7254: checking for sys/types.h
configure:7254: gcc -c -g -O2  conftest.c >&5
configure:7254: $? = 0
configure:7254: result: yes
configure:7254: checking for sys/stat.h
configure:7254: gcc -c -g -O2  conftest.c >&5
configure:7254: $? = 0
configure:7254: result: yes
configure:7254: checking for stdlib.h
configure:7254: gcc -c -g -O2  conftest.c >&5
configure:7254: $? = 0
configure:7254: result: yes
configure:7254: checking for string.h
configure:7254: gcc -c -g -O2  conftest.c >&5
configure:7254: $? = 0
configure:7254: result: yes
configure:7254: checking for memory.h
configure:7254: gcc -c -g -O2  conftest.c >&5
configure:7254: $? = 0
configure:7254: result: yes
configure:7254: checking for strings.h
configure:7254: gcc -c -g -O2  conftest.c >&5
configure:7254: $? = 0
configure:7254: result: yes
configure:7254: checking for inttypes.h
configure:7254: gcc -c -g -O2  conftest.c >&5
configure:7254: $? = 0
configure:7254: result: yes
configure:7254: checking for stdint.h
configure:7254: gcc -c -g -O2  conftest.c >&5
configure:7254: $? = 0
configure:7254: result: yes
configure:7254: checking for unistd.h
configure:7254: gcc -c -g -O2  conftest.c >&5
configure:7254: $? = 0
configure:7254: result: yes
configure:7268: checking for dlfcn.h
configure:7268: gcc -c -g -O2  conftest.c >&5
configure:7268: $? = 0
configure:7268: result: yes
configure:7474: checking for objdir
configure:7489: result: .libs
configure:7760: checking if gcc supports -fno-rtti -fno-exceptions
configure:7778: gcc -c -g -O2  -fno-rtti -fno-exceptions conftest.c >&5
cc1: warning: command line option "-fno-rtti" is valid for C++/ObjC++ but not for C
configure:7782: $? = 0
configure:7795: result: no
configure:8122: checking for gcc option to produce PIC
configure:8129: result: -fPIC -DPIC
configure:8137: checking if gcc PIC flag -fPIC -DPIC works
configure:8155: gcc -c -g -O2  -fPIC -DPIC -DPIC conftest.c >&5
configure:8159: $? = 0
configure:8172: result: yes
configure:8201: checking if gcc static flag -static works
configure:8229: result: yes
configure:8244: checking if gcc supports -c -o file.o
configure:8265: gcc -c -g -O2  -o out/conftest2.o conftest.c >&5
configure:8269: $? = 0
configure:8291: result: yes
configure:8299: checking if gcc supports -c -o file.o
configure:8346: result: yes
configure:8379: checking whether the gcc linker (/usr/bin/ld) supports shared libraries
configure:9536: result: yes
configure:9776: checking dynamic linker characteristics
configure:10287: gcc -o conftest -g -O2   -Wl,-rpath -Wl,/foo conftest.c  >&5
configure:10287: $? = 0
configure:10521: result: GNU/Linux ld.so
configure:10628: checking how to hardcode library paths into programs
configure:10653: result: immediate
configure:11193: checking whether stripping libraries is possible
configure:11198: result: yes
configure:11233: checking if libtool supports shared libraries
configure:11235: result: yes
configure:11238: checking whether to build shared libraries
configure:11259: result: no
configure:11262: checking whether to build static libraries
configure:11266: result: yes
configure:11304: checking for gethostbyaddr_r
configure:11304: gcc -o conftest -g -O2   conftest.c  >&5
configure:11304: $? = 0
configure:11304: result: yes
configure:11310: checking for gethostbyname_r
configure:11310: gcc -o conftest -g -O2   conftest.c  >&5
configure:11310: $? = 0
configure:11310: result: yes
configure:11316: checking for poll
configure:11316: gcc -o conftest -g -O2   conftest.c  >&5
configure:11316: $? = 0
configure:11316: result: yes
configure:11322: checking for fcntl
configure:11322: gcc -o conftest -g -O2   conftest.c  >&5
configure:11322: $? = 0
configure:11322: result: yes
configure:11328: checking for inet_pton
configure:11328: gcc -o conftest -g -O2   conftest.c  >&5
configure:11328: $? = 0
configure:11328: result: yes
configure:11334: checking for inet_ntop
configure:11334: gcc -o conftest -g -O2   conftest.c  >&5
configure:11334: $? = 0
configure:11334: result: yes
configure:11341: checking for struct msghdr.msg_flags
configure:11341: gcc -c -g -O2  conftest.c >&5
configure:11341: $? = 0
configure:11341: result: yes
configure:11349: checking for socklen_t
configure:11349: gcc -c -g -O2  conftest.c >&5
configure:11349: $? = 0
configure:11349: gcc -c -g -O2  conftest.c >&5
conftest.c: In function 'main':
conftest.c:37: error: expected expression before ')' token
configure:11349: $? = 1
configure: failed program was:
| /* confdefs.h */
| #define PACKAGE_NAME "libenet"
| #define PACKAGE_TARNAME "libenet"
| #define PACKAGE_VERSION "1.3.3"
| #define PACKAGE_STRING "libenet 1.3.3"
| #define PACKAGE_BUGREPORT ""
| #define PACKAGE_URL ""
| #define PACKAGE "libenet"
| #define VERSION "1.3.3"
| #define STDC_HEADERS 1
| #define HAVE_SYS_TYPES_H 1
| #define HAVE_SYS_STAT_H 1
| #define HAVE_STDLIB_H 1
| #define HAVE_STRING_H 1
| #define HAVE_MEMORY_H 1
| #define HAVE_STRINGS_H 1
| #define HAVE_INTTYPES_H 1
| #define HAVE_STDINT_H 1
| #define HAVE_UNISTD_H 1
| #define HAVE_DLFCN_H 1
| #define LT_OBJDIR ".libs/"
| #define HAS_GETHOSTBYADDR_R 1
| #define HAS_GETHOSTBYNAME_R 1
| #define HAS_POLL 1
| #define HAS_FCNTL 1
| #define HAS_INET_PTON 1
| #define HAS_INET_NTOP 1
| #define HAS_MSGHDR_FLAGS 1
| /* end confdefs.h.  */
| #include <sys/types.h>
|               #include <sys/socket.h>
| 
| 
| int
| main ()
| {
| if (sizeof ((socklen_t)))
| 	    return 0;
|   ;
|   return 0;
| }
configure:11349: result: yes
conftest.c:31: fatal error: socket.h: No such file or directory
compilation terminated.
configure:11545: creating ./config.status

## ---------------- ##
## Cache variables. ##
## ---------------- ##

ac_cv_build=i686-pc-linux-gnu
ac_cv_c_compiler_gnu=yes
ac_cv_env_CC_set=
ac_cv_env_CC_value=
ac_cv_env_CFLAGS_set=
ac_cv_env_CFLAGS_value=
ac_cv_env_CPPFLAGS_set=
ac_cv_env_CPPFLAGS_value=
ac_cv_env_CPP_set=
ac_cv_env_CPP_value=
ac_cv_env_LDFLAGS_set=
ac_cv_env_LDFLAGS_value=
ac_cv_env_LIBS_set=
ac_cv_env_LIBS_value=
ac_cv_env_build_alias_set=
ac_cv_env_build_alias_value=
ac_cv_env_host_alias_set=
ac_cv_env_host_alias_value=
ac_cv_env_target_alias_set=
ac_cv_env_target_alias_value=
ac_cv_func_fcntl=yes
ac_cv_func_gethostbyaddr_r=yes
ac_cv_func_gethostbyname_r=yes
ac_cv_func_inet_ntop=yes
ac_cv_func_inet_pton=yes
ac_cv_func_poll=yes
ac_cv_header_dlfcn_h=yes
ac_cv_header_inttypes_h=yes
ac_cv_header_memory_h=yes
ac_cv_header_stdc=yes
ac_cv_header_stdint_h=yes
ac_cv_header_stdlib_h=yes
ac_cv_header_string_h=yes
ac_cv_header_strings_h=yes
ac_cv_header_sys_stat_h=yes
ac_cv_header_sys_types_h=yes
ac_cv_header_unistd_h=yes
ac_cv_host=i686-pc-linux-gnu
ac_cv_member_struct_msghdr_msg_flags=yes
ac_cv_objext=o
ac_cv_path_EGREP='/bin/grep -E'
ac_cv_path_FGREP='/bin/grep -F'
ac_cv_path_GREP=/bin/grep
ac_cv_path_SED=/bin/sed
ac_cv_path_install='/usr/bin/install -c'
ac_cv_path_mkdir=/bin/mkdir
ac_cv_prog_AWK=mawk
ac_cv_prog_CPP='gcc -E'
ac_cv_prog_ac_ct_AR=ar
ac_cv_prog_ac_ct_CC=gcc
ac_cv_prog_ac_ct_MANIFEST_TOOL=mt
ac_cv_prog_ac_ct_OBJDUMP=objdump
ac_cv_prog_ac_ct_RANLIB=ranlib
ac_cv_prog_ac_ct_STRIP=strip
ac_cv_prog_cc_c89=
ac_cv_prog_cc_g=yes
ac_cv_prog_make_make_set=yes
ac_cv_type_socklen_t=yes
am_cv_CC_dependencies_compiler_type=gcc3
lt_cv_ar_at_file=@
lt_cv_deplibs_check_method=pass_all
lt_cv_file_magic_cmd='$MAGIC_CMD'
lt_cv_file_magic_test_file=
lt_cv_ld_reload_flag=-r
lt_cv_nm_interface='BSD nm'
lt_cv_objdir=.libs
lt_cv_path_LD=/usr/bin/ld
lt_cv_path_NM='/usr/bin/nm -B'
lt_cv_path_mainfest_tool=no
lt_cv_prog_compiler_c_o=yes
lt_cv_prog_compiler_pic='-fPIC -DPIC'
lt_cv_prog_compiler_pic_works=yes
lt_cv_prog_compiler_rtti_exceptions=no
lt_cv_prog_compiler_static_works=yes
lt_cv_prog_gnu_ld=yes
lt_cv_sharedlib_from_linklib_cmd='printf %s\n'
lt_cv_shlibpath_overrides_runpath=no
lt_cv_sys_global_symbol_pipe='sed -n -e '\''s/^.*[	 ]\([ABCDGIRSTW][ABCDGIRSTW]*\)[	 ][	 ]*\([_A-Za-z][_A-Za-z0-9]*\)$/\1 \2 \2/p'\'' | sed '\''/ __gnu_lto/d'\'''
lt_cv_sys_global_symbol_to_c_name_address='sed -n -e '\''s/^: \([^ ]*\)[ ]*$/  {\"\1\", (void *) 0},/p'\'' -e '\''s/^[ABCDGIRSTW]* \([^ ]*\) \([^ ]*\)$/  {"\2", (void *) \&\2},/p'\'''
lt_cv_sys_global_symbol_to_c_name_address_lib_prefix='sed -n -e '\''s/^: \([^ ]*\)[ ]*$/  {\"\1\", (void *) 0},/p'\'' -e '\''s/^[ABCDGIRSTW]* \([^ ]*\) \(lib[^ ]*\)$/  {"\2", (void *) \&\2},/p'\'' -e '\''s/^[ABCDGIRSTW]* \([^ ]*\) \([^ ]*\)$/  {"lib\2", (void *) \&\2},/p'\'''
lt_cv_sys_global_symbol_to_cdecl='sed -n -e '\''s/^T .* \(.*\)$/extern int \1();/p'\'' -e '\''s/^[ABCDGIRSTW]* .* \(.*\)$/extern char \1;/p'\'''
lt_cv_sys_max_cmd_len=805306365
lt_cv_to_host_file_cmd=func_convert_file_noop
lt_cv_to_tool_file_cmd=func_convert_file_noop

## ----------------- ##
## Output variables. ##
## ----------------- ##

ACLOCAL='${SHELL} /home/alon/Dev/sauerbraten/src/enet/missing --run aclocal-1.11'
AMDEPBACKSLASH='\'
AMDEP_FALSE='#'
AMDEP_TRUE=''
AMTAR='${SHELL} /home/alon/Dev/sauerbraten/src/enet/missing --run tar'
AR='ar'
AUTOCONF='${SHELL} /home/alon/Dev/sauerbraten/src/enet/missing --run autoconf'
AUTOHEADER='${SHELL} /home/alon/Dev/sauerbraten/src/enet/missing --run autoheader'
AUTOMAKE='${SHELL} /home/alon/Dev/sauerbraten/src/enet/missing --run automake-1.11'
AWK='mawk'
CC='gcc'
CCDEPMODE='depmode=gcc3'
CFLAGS='-g -O2'
CPP='gcc -E'
CPPFLAGS=''
CYGPATH_W='echo'
DEFS='-DPACKAGE_NAME=\"libenet\" -DPACKAGE_TARNAME=\"libenet\" -DPACKAGE_VERSION=\"1.3.3\" -DPACKAGE_STRING=\"libenet\ 1.3.3\" -DPACKAGE_BUGREPORT=\"\" -DPACKAGE_URL=\"\" -DPACKAGE=\"libenet\" -DVERSION=\"1.3.3\" -DSTDC_HEADERS=1 -DHAVE_SYS_TYPES_H=1 -DHAVE_SYS_STAT_H=1 -DHAVE_STDLIB_H=1 -DHAVE_STRING_H=1 -DHAVE_MEMORY_H=1 -DHAVE_STRINGS_H=1 -DHAVE_INTTYPES_H=1 -DHAVE_STDINT_H=1 -DHAVE_UNISTD_H=1 -DHAVE_DLFCN_H=1 -DLT_OBJDIR=\".libs/\" -DHAS_GETHOSTBYADDR_R=1 -DHAS_GETHOSTBYNAME_R=1 -DHAS_POLL=1 -DHAS_FCNTL=1 -DHAS_INET_PTON=1 -DHAS_INET_NTOP=1 -DHAS_MSGHDR_FLAGS=1 -DHAS_SOCKLEN_T=1'
DEPDIR='.deps'
DLLTOOL='false'
DSYMUTIL=''
DUMPBIN=''
ECHO_C=''
ECHO_N='-n'
ECHO_T=''
EGREP='/bin/grep -E'
EXEEXT=''
FGREP='/bin/grep -F'
GREP='/bin/grep'
INSTALL_DATA='${INSTALL} -m 644'
INSTALL_PROGRAM='${INSTALL}'
INSTALL_SCRIPT='${INSTALL}'
INSTALL_STRIP_PROGRAM='$(install_sh) -c -s'
LD='/usr/bin/ld'
LDFLAGS=''
LIBOBJS=''
LIBS=''
LIBTOOL='$(SHELL) $(top_builddir)/libtool'
LIPO=''
LN_S='ln -s'
LTLIBOBJS=''
MAINT=''
MAINTAINER_MODE_FALSE='#'
MAINTAINER_MODE_TRUE=''
MAKEINFO='${SHELL} /home/alon/Dev/sauerbraten/src/enet/missing --run makeinfo'
MANIFEST_TOOL=':'
MKDIR_P='/bin/mkdir -p'
NM='/usr/bin/nm -B'
NMEDIT=''
OBJDUMP='objdump'
OBJEXT='o'
OTOOL64=''
OTOOL=''
PACKAGE='libenet'
PACKAGE_BUGREPORT=''
PACKAGE_NAME='libenet'
PACKAGE_STRING='libenet 1.3.3'
PACKAGE_TARNAME='libenet'
PACKAGE_URL=''
PACKAGE_VERSION='1.3.3'
PATH_SEPARATOR=':'
RANLIB='ranlib'
SED='/bin/sed'
SET_MAKE=''
SHELL='/bin/bash'
STRIP='strip'
VERSION='1.3.3'
ac_ct_AR='ar'
ac_ct_CC='gcc'
ac_ct_DUMPBIN=''
am__EXEEXT_FALSE=''
am__EXEEXT_TRUE='#'
am__fastdepCC_FALSE='#'
am__fastdepCC_TRUE=''
am__include='include'
am__isrc=''
am__leading_dot='.'
am__quote=''
am__tar='${AMTAR} chof - "$$tardir"'
am__untar='${AMTAR} xf -'
bindir='${exec_prefix}/bin'
build='i686-pc-linux-gnu'
build_alias=''
build_cpu='i686'
build_os='linux-gnu'
build_vendor='pc'
datadir='${datarootdir}'
datarootdir='${prefix}/share'
docdir='${datarootdir}/doc/${PACKAGE_TARNAME}'
dvidir='${docdir}'
exec_prefix='${prefix}'
host='i686-pc-linux-gnu'
host_alias=''
host_cpu='i686'
host_os='linux-gnu'
host_vendor='pc'
htmldir='${docdir}'
includedir='${prefix}/include'
infodir='${datarootdir}/info'
install_sh='${SHELL} /home/alon/Dev/sauerbraten/src/enet/install-sh'
libdir='${exec_prefix}/lib'
libexecdir='${exec_prefix}/libexec'
localedir='${datarootdir}/locale'
localstatedir='${prefix}/var'
mandir='${datarootdir}/man'
mkdir_p='/bin/mkdir -p'
oldincludedir='/usr/include'
pdfdir='${docdir}'
prefix='/usr/local'
program_transform_name='s,x,x,'
psdir='${docdir}'
sbindir='${exec_prefix}/sbin'
sharedstatedir='${prefix}/com'
sysconfdir='${prefix}/etc'
target_alias=''

## ----------- ##
## confdefs.h. ##
## ----------- ##

/* confdefs.h */
#define PACKAGE_NAME "libenet"
#define PACKAGE_TARNAME "libenet"
#define PACKAGE_VERSION "1.3.3"
#define PACKAGE_STRING "libenet 1.3.3"
#define PACKAGE_BUGREPORT ""
#define PACKAGE_URL ""
#define PACKAGE "libenet"
#define VERSION "1.3.3"
#define STDC_HEADERS 1
#define HAVE_SYS_TYPES_H 1
#define HAVE_SYS_STAT_H 1
#define HAVE_STDLIB_H 1
#define HAVE_STRING_H 1
#define HAVE_MEMORY_H 1
#define HAVE_STRINGS_H 1
#define HAVE_INTTYPES_H 1
#define HAVE_STDINT_H 1
#define HAVE_UNISTD_H 1
#define HAVE_DLFCN_H 1
#define LT_OBJDIR ".libs/"
#define HAS_GETHOSTBYADDR_R 1
#define HAS_GETHOSTBYNAME_R 1
#define HAS_POLL 1
#define HAS_FCNTL 1
#define HAS_INET_PTON 1
#define HAS_INET_NTOP 1
#define HAS_MSGHDR_FLAGS 1
#define HAS_SOCKLEN_T 1

configure: exit 0

## ---------------------- ##
## Running config.status. ##
## ---------------------- ##

This file was extended by libenet config.status 1.3.3, which was
generated by GNU Autoconf 2.67.  Invocation command line was

  CONFIG_FILES    = 
  CONFIG_HEADERS  = 
  CONFIG_LINKS    = 
  CONFIG_COMMANDS = 
  $ ./config.status 

on truth

config.status:1011: creating Makefile
config.status:1011: creating libenet.pc
config.status:1182: executing depfiles commands
config.status:1182: executing libtool commands
